<?xml version="1.0" encoding="UTF-8"?>
<testsuite name="MetroServiceTest" tests="4" skipped="0" failures="0" errors="0" timestamp="2020-07-03T05:47:06" hostname="SI-13989" time="0.036">
  <properties/>
  <testcase name="testSufficientBalanceAtSwipeOut" classname="MetroServiceTest" time="0.019"/>
  <testcase name="testCalculateFootFallForStation" classname="MetroServiceTest" time="0.006"/>
  <testcase name="testMinimumBalanceAtSwipeIn" classname="MetroServiceTest" time="0.0"/>
  <testcase name="testCardReport" classname="MetroServiceTest" time="0.009"/>
  <system-out><![CDATA[trx = pojo.CardTrx@21d87342
trx = pojo.CardTrx@c403116
]]></system-out>
  <system-err><![CDATA[]]></system-err>
</testsuite>
